<?xml version="1.0" encoding="UTF-8"?>
<testng-results skipped="0" failed="0" ignored="0" total="2" passed="2">
  <reporter-output>
    <line>
      <![CDATA[https://www.gotomeeting.comurl is entered]]>
    </line>
    <line>
      <![CDATA[Video Conferencing Software | Web Conference | GoToMeetingtitle is matched]]>
    </line>
    <line>
      <![CDATA[karunakar is entered]]>
    </line>
    <line>
      <![CDATA[raju is entered]]>
    </line>
    <line>
      <![CDATA[karunakr@gmail.com is entered]]>
    </line>
    <line>
      <![CDATA[123654789 is entered]]>
    </line>
    <line>
      <![CDATA[clicked on button]]>
    </line>
    <line>
      <![CDATA[https://www.gotomeeting.comurl is entered]]>
    </line>
    <line>
      <![CDATA[clicked on button]]>
    </line>
    <line>
      <![CDATA[clicked on button]]>
    </line>
    <line>
      <![CDATA[GoToMeeting Registertitle is matched]]>
    </line>
  </reporter-output>
  <suite name="Suite" duration-ms="69084" started-at="2018-06-11T14:48:20Z" finished-at="2018-06-11T14:49:29Z">
    <groups>
    </groups>
    <test name="FirefoxTest" duration-ms="69084" started-at="2018-06-11T14:48:20Z" finished-at="2018-06-11T14:49:29Z">
      <class name="org.DorDie.selenium.frameworks.TC002">
        <test-method status="PASS" signature="beforemethod(java.lang.String)[pri:0, instance:org.DorDie.selenium.frameworks.TC002@4f787b]" name="beforemethod" is-config="true" duration-ms="4041" started-at="2018-06-11T20:18:55Z" finished-at="2018-06-11T20:18:59Z">
          <params>
            <param index="0">
              <value>
                <![CDATA[chrome]]>
              </value>
            </param>
          </params>
          <reporter-output>
          </reporter-output>
        </test-method> <!-- beforemethod -->
        <test-method status="PASS" signature="enterurl(java.lang.String)[pri:0, instance:org.DorDie.selenium.frameworks.TC002@4f787b]" name="enterurl" duration-ms="27069" started-at="2018-06-11T20:18:59Z" finished-at="2018-06-11T20:19:26Z">
          <params>
            <param index="0">
              <value>
                <![CDATA[chrome]]>
              </value>
            </param>
          </params>
          <reporter-output>
            <line>
              <![CDATA[https://www.gotomeeting.comurl is entered]]>
            </line>
            <line>
              <![CDATA[clicked on button]]>
            </line>
            <line>
              <![CDATA[clicked on button]]>
            </line>
            <line>
              <![CDATA[GoToMeeting Registertitle is matched]]>
            </line>
          </reporter-output>
        </test-method> <!-- enterurl -->
        <test-method status="PASS" signature="aftermethod()[pri:0, instance:org.DorDie.selenium.frameworks.TC002@4f787b]" name="aftermethod" is-config="true" duration-ms="3061" started-at="2018-06-11T20:19:26Z" finished-at="2018-06-11T20:19:29Z">
          <reporter-output>
          </reporter-output>
        </test-method> <!-- aftermethod -->
      </class> <!-- org.DorDie.selenium.frameworks.TC002 -->
      <class name="org.DorDie.selenium.frameworks.TC001">
        <test-method status="PASS" signature="configuration()[pri:0, instance:org.DorDie.selenium.frameworks.TC001@4ed9f0]" name="configuration" is-config="true" duration-ms="426" started-at="2018-06-11T20:18:19Z" finished-at="2018-06-11T20:18:20Z">
          <reporter-output>
          </reporter-output>
        </test-method> <!-- configuration -->
        <test-method status="PASS" signature="configuration()[pri:0, instance:org.DorDie.selenium.frameworks.TC002@4f787b]" name="configuration" is-config="true" duration-ms="10" started-at="2018-06-11T20:18:20Z" finished-at="2018-06-11T20:18:20Z">
          <reporter-output>
          </reporter-output>
        </test-method> <!-- configuration -->
        <test-method status="PASS" signature="beforemethod(java.lang.String)[pri:0, instance:org.DorDie.selenium.frameworks.TC001@4ed9f0]" name="beforemethod" is-config="true" duration-ms="5821" started-at="2018-06-11T20:18:20Z" finished-at="2018-06-11T20:18:26Z">
          <params>
            <param index="0">
              <value>
                <![CDATA[chrome]]>
              </value>
            </param>
          </params>
          <reporter-output>
          </reporter-output>
        </test-method> <!-- beforemethod -->
        <test-method status="PASS" signature="Registration(java.lang.String)[pri:0, instance:org.DorDie.selenium.frameworks.TC001@4ed9f0]" name="Registration" duration-ms="26053" started-at="2018-06-11T20:18:26Z" finished-at="2018-06-11T20:18:52Z">
          <params>
            <param index="0">
              <value>
                <![CDATA[chrome]]>
              </value>
            </param>
          </params>
          <reporter-output>
            <line>
              <![CDATA[https://www.gotomeeting.comurl is entered]]>
            </line>
            <line>
              <![CDATA[Video Conferencing Software | Web Conference | GoToMeetingtitle is matched]]>
            </line>
            <line>
              <![CDATA[karunakar is entered]]>
            </line>
            <line>
              <![CDATA[raju is entered]]>
            </line>
            <line>
              <![CDATA[karunakr@gmail.com is entered]]>
            </line>
            <line>
              <![CDATA[123654789 is entered]]>
            </line>
            <line>
              <![CDATA[clicked on button]]>
            </line>
          </reporter-output>
        </test-method> <!-- Registration -->
        <test-method status="PASS" signature="aftermethod()[pri:0, instance:org.DorDie.selenium.frameworks.TC001@4ed9f0]" name="aftermethod" is-config="true" duration-ms="2982" started-at="2018-06-11T20:18:52Z" finished-at="2018-06-11T20:18:55Z">
          <reporter-output>
          </reporter-output>
        </test-method> <!-- aftermethod -->
      </class> <!-- org.DorDie.selenium.frameworks.TC001 -->
    </test> <!-- FirefoxTest -->
  </suite> <!-- Suite -->
</testng-results>
